<?xml version="1.0" encoding="UTF-8"?>
<!-- Generated by org.testng.reporters.JUnitXMLReporter -->
<testsuite ignored="0" hostname="bhagyak" failures="0" tests="3" name="Default test" time="3.042" errors="0" timestamp="2026-01-06T14:40:33 IST">
  <testcase classname="testcases.BasicTest_NonBDDStyle" name="positiveTestcase" time="2.771"/>
  <testcase classname="testcases.BasicTest_NonBDDStyle" name="negativeTestcase1" time="0.114"/>
  <testcase classname="testcases.BasicTest_NonBDDStyle" name="negativeTestcase2" time="0.099"/>
</testsuite> <!-- Default test -->
