<?xml version="1.0" encoding="UTF-8"?>
<!-- Generated by org.testng.reporters.JUnitXMLReporter -->
<testsuite ignored="0" hostname="bhagyak" failures="0" tests="3" name="Test" time="9.533" errors="0" timestamp="2026-01-27T14:07:44 IST">
  <testcase classname="assertions.Assertion_HamcrestMatcher" name="createBooking" time="6.648"/>
  <testcase classname="assertions.Assertion_TestNG" name="createBooking" time="1.434"/>
  <testcase classname="assertions.Assertion_AssertJ" name="createBooking" time="1.226"/>
</testsuite> <!-- Test -->
