<?xml version="1.0" encoding="UTF-8"?>
<testng-results ignored="0" total="1" passed="1" failed="0" skipped="0">
  <reporter-output>
  </reporter-output>
  <suite started-at="2026-01-29T13:48:33 IST" name="Default suite" finished-at="2026-01-29T13:48:39 IST" duration-ms="6249">
    <groups>
    </groups>
    <test started-at="2026-01-29T13:48:33 IST" name="Default test" finished-at="2026-01-29T13:48:39 IST" duration-ms="6249">
      <class name="payloadManagement.JSONObject_payload">
        <test-method signature="createBooking()[pri:0, instance:payloadManagement.JSONObject_payload@55cb6996]" started-at="2026-01-29T13:48:33 IST" name="createBooking" finished-at="2026-01-29T13:48:39 IST" duration-ms="5991" status="PASS">
          <reporter-output>
          </reporter-output>
        </test-method> <!-- createBooking -->
      </class> <!-- payloadManagement.JSONObject_payload -->
    </test> <!-- Default test -->
  </suite> <!-- Default suite -->
</testng-results>
