<?xml version="1.0" encoding="UTF-8"?>
<!-- Generated by org.testng.reporters.JUnitReportReporter -->
<testsuite hostname="bhagyak" failures="0" tests="3" name="testcases.BasicTest" time="3.486" errors="0" timestamp="2026-01-06T14:27:56 IST" skipped="0">
  <testcase classname="testcases.BasicTest" name="negativeTestcase1" time="2.992"/>
  <testcase classname="testcases.BasicTest" name="negativeTestcase2" time="0.380"/>
  <testcase classname="testcases.BasicTest" name="positiveTestcase" time="0.114"/>
</testsuite> <!-- testcases.BasicTest -->
