<?xml version="1.0" encoding="UTF-8"?>
<!-- Generated by org.testng.reporters.JUnitReportReporter -->
<testsuite hostname="bhagyak" failures="0" tests="3" name="BDD_NonBDD.BasicTest_BDDStyle" time="3.655" errors="0" timestamp="2026-01-16T22:34:59 IST" skipped="0">
  <testcase classname="BDD_NonBDD.BasicTest_BDDStyle" name="negativeTestcase1" time="2.851"/>
  <testcase classname="BDD_NonBDD.BasicTest_BDDStyle" name="positiveTestcase" time="0.400"/>
  <testcase classname="BDD_NonBDD.BasicTest_BDDStyle" name="negativeTestcase2" time="0.404"/>
</testsuite> <!-- BDD_NonBDD.BasicTest_BDDStyle -->
